<?xml version="1.0" encoding="UTF-8"?>
<!-- Generated by org.testng.reporters.JUnitXMLReporter -->
<testsuite ignored="0" hostname="TonyStarks" failures="0" tests="4" name="Default test" time="29.306" errors="0" timestamp="2023-03-18T12:04:33 IST">
  <testcase classname="com.crm.qa.testcases.UserRegister" name="registerPageTitleTest" time="0.016"/>
  <testcase classname="com.crm.qa.testcases.UserRegister" name="createNewAccount" time="2.779"/>
  <testcase classname="com.crm.qa.testcases.UserRegister" name="existingAccount" time="1.524"/>
  <testcase classname="com.crm.qa.testcases.UserRegister" name="passwordNotMatching" time="0.961"/>
</testsuite> <!-- Default test -->
