<?xml version="1.0" encoding="UTF-8"?>
<!-- Generated by org.testng.reporters.JUnitXMLReporter -->
<testsuite ignored="0" hostname="TonyStarks" failures="0" tests="5" name="Default test" time="28.791" errors="0" timestamp="2023-03-15T11:47:48 IST">
  <testcase classname="com.crm.qa.testcases.HomePageTest" name="shoppingOptions" time="0.173"/>
  <testcase classname="com.crm.qa.testcases.HomePageTest" name="listedItems" time="0.136"/>
  <testcase classname="com.crm.qa.testcases.HomePageTest" name="searchingItem" time="0.766"/>
  <testcase classname="com.crm.qa.testcases.HomePageTest" name="loginPageTitleTest" time="0.02"/>
  <testcase classname="com.crm.qa.testcases.HomePageTest" name="computerPurchase" time="0.105"/>
</testsuite> <!-- Default test -->
