<?xml version="1.0" encoding="UTF-8"?>
<testng-results ignored="0" total="4" passed="4" failed="0" skipped="0">
  <reporter-output>
  </reporter-output>
  <suite started-at="2023-03-21T08:38:30 IST" name="Default suite" finished-at="2023-03-21T08:39:01 IST" duration-ms="30895">
    <groups>
    </groups>
    <test started-at="2023-03-21T08:38:30 IST" name="Default test" finished-at="2023-03-21T08:39:01 IST" duration-ms="30895">
      <class name="com.crm.qa.testcases.SearchPageTest">
        <test-method is-config="true" signature="setup()[pri:0, instance:com.crm.qa.testcases.SearchPageTest@18078bef]" started-at="2023-03-21T08:38:30 IST" name="setup" finished-at="2023-03-21T08:38:38 IST" duration-ms="7885" status="PASS">
          <reporter-output>
          </reporter-output>
        </test-method> <!-- setup -->
        <test-method signature="searchPageTitle()[pri:1, instance:com.crm.qa.testcases.SearchPageTest@18078bef]" started-at="2023-03-21T08:38:38 IST" name="searchPageTitle" finished-at="2023-03-21T08:38:39 IST" duration-ms="1350" status="PASS">
          <reporter-output>
          </reporter-output>
        </test-method> <!-- searchPageTitle -->
        <test-method is-config="true" signature="teardown()[pri:0, instance:com.crm.qa.testcases.SearchPageTest@18078bef]" started-at="2023-03-21T08:38:39 IST" name="teardown" finished-at="2023-03-21T08:38:40 IST" duration-ms="380" status="PASS">
          <reporter-output>
          </reporter-output>
        </test-method> <!-- teardown -->
        <test-method is-config="true" signature="setup()[pri:0, instance:com.crm.qa.testcases.SearchPageTest@18078bef]" started-at="2023-03-21T08:38:40 IST" name="setup" finished-at="2023-03-21T08:38:46 IST" duration-ms="5836" status="PASS">
          <reporter-output>
          </reporter-output>
        </test-method> <!-- setup -->
        <test-method signature="searchResultVerification_1()[pri:2, instance:com.crm.qa.testcases.SearchPageTest@18078bef]" started-at="2023-03-21T08:38:46 IST" name="searchResultVerification_1" finished-at="2023-03-21T08:38:46 IST" duration-ms="831" status="PASS">
          <reporter-output>
          </reporter-output>
        </test-method> <!-- searchResultVerification_1 -->
        <test-method is-config="true" signature="teardown()[pri:0, instance:com.crm.qa.testcases.SearchPageTest@18078bef]" started-at="2023-03-21T08:38:46 IST" name="teardown" finished-at="2023-03-21T08:38:47 IST" duration-ms="269" status="PASS">
          <reporter-output>
          </reporter-output>
        </test-method> <!-- teardown -->
        <test-method is-config="true" signature="setup()[pri:0, instance:com.crm.qa.testcases.SearchPageTest@18078bef]" started-at="2023-03-21T08:38:47 IST" name="setup" finished-at="2023-03-21T08:38:52 IST" duration-ms="5774" status="PASS">
          <reporter-output>
          </reporter-output>
        </test-method> <!-- setup -->
        <test-method signature="searchResultVerification_2()[pri:3, instance:com.crm.qa.testcases.SearchPageTest@18078bef]" started-at="2023-03-21T08:38:52 IST" name="searchResultVerification_2" finished-at="2023-03-21T08:38:53 IST" duration-ms="1086" status="PASS">
          <reporter-output>
          </reporter-output>
        </test-method> <!-- searchResultVerification_2 -->
        <test-method is-config="true" signature="teardown()[pri:0, instance:com.crm.qa.testcases.SearchPageTest@18078bef]" started-at="2023-03-21T08:38:53 IST" name="teardown" finished-at="2023-03-21T08:38:54 IST" duration-ms="278" status="PASS">
          <reporter-output>
          </reporter-output>
        </test-method> <!-- teardown -->
        <test-method is-config="true" signature="setup()[pri:0, instance:com.crm.qa.testcases.SearchPageTest@18078bef]" started-at="2023-03-21T08:38:54 IST" name="setup" finished-at="2023-03-21T08:39:00 IST" duration-ms="5826" status="PASS">
          <reporter-output>
          </reporter-output>
        </test-method> <!-- setup -->
        <test-method signature="validateView()[pri:4, instance:com.crm.qa.testcases.SearchPageTest@18078bef]" started-at="2023-03-21T08:39:00 IST" name="validateView" finished-at="2023-03-21T08:39:01 IST" duration-ms="1021" status="PASS">
          <reporter-output>
          </reporter-output>
        </test-method> <!-- validateView -->
        <test-method is-config="true" signature="teardown()[pri:0, instance:com.crm.qa.testcases.SearchPageTest@18078bef]" started-at="2023-03-21T08:39:01 IST" name="teardown" finished-at="2023-03-21T08:39:01 IST" duration-ms="308" status="PASS">
          <reporter-output>
          </reporter-output>
        </test-method> <!-- teardown -->
      </class> <!-- com.crm.qa.testcases.SearchPageTest -->
    </test> <!-- Default test -->
  </suite> <!-- Default suite -->
</testng-results>
