<?xml version="1.0" encoding="UTF-8"?>
<testng-results ignored="0" total="4" passed="4" failed="0" skipped="0">
  <reporter-output>
  </reporter-output>
  <suite started-at="2023-03-18T11:56:14 IST" name="Default suite" finished-at="2023-03-18T11:56:46 IST" duration-ms="31931">
    <groups>
    </groups>
    <test started-at="2023-03-18T11:56:14 IST" name="Default test" finished-at="2023-03-18T11:56:46 IST" duration-ms="31931">
      <class name="com.crm.qa.testcases.UserRegister">
        <test-method is-config="true" signature="setup()[pri:0, instance:com.crm.qa.testcases.UserRegister@18078bef]" started-at="2023-03-18T11:56:14 IST" name="setup" finished-at="2023-03-18T11:56:20 IST" duration-ms="6400" status="PASS">
          <reporter-output>
          </reporter-output>
        </test-method> <!-- setup -->
        <test-method signature="registerPageTitleTest()[pri:1, instance:com.crm.qa.testcases.UserRegister@18078bef]" started-at="2023-03-18T11:56:20 IST" name="registerPageTitleTest" finished-at="2023-03-18T11:56:20 IST" duration-ms="18" status="PASS">
          <reporter-output>
          </reporter-output>
        </test-method> <!-- registerPageTitleTest -->
        <test-method is-config="true" signature="teardown()[pri:0, instance:com.crm.qa.testcases.UserRegister@18078bef]" started-at="2023-03-18T11:56:20 IST" name="teardown" finished-at="2023-03-18T11:56:20 IST" duration-ms="330" status="PASS">
          <reporter-output>
          </reporter-output>
        </test-method> <!-- teardown -->
        <test-method is-config="true" signature="setup()[pri:0, instance:com.crm.qa.testcases.UserRegister@18078bef]" started-at="2023-03-18T11:56:20 IST" name="setup" finished-at="2023-03-18T11:56:26 IST" duration-ms="5216" status="PASS">
          <reporter-output>
          </reporter-output>
        </test-method> <!-- setup -->
        <test-method signature="createNewAccount()[pri:2, instance:com.crm.qa.testcases.UserRegister@18078bef]" started-at="2023-03-18T11:56:26 IST" name="createNewAccount" finished-at="2023-03-18T11:56:29 IST" duration-ms="2910" status="PASS">
          <reporter-output>
          </reporter-output>
        </test-method> <!-- createNewAccount -->
        <test-method is-config="true" signature="teardown()[pri:0, instance:com.crm.qa.testcases.UserRegister@18078bef]" started-at="2023-03-18T11:56:29 IST" name="teardown" finished-at="2023-03-18T11:56:30 IST" duration-ms="1162" status="PASS">
          <reporter-output>
          </reporter-output>
        </test-method> <!-- teardown -->
        <test-method is-config="true" signature="setup()[pri:0, instance:com.crm.qa.testcases.UserRegister@18078bef]" started-at="2023-03-18T11:56:30 IST" name="setup" finished-at="2023-03-18T11:56:37 IST" duration-ms="6821" status="PASS">
          <reporter-output>
          </reporter-output>
        </test-method> <!-- setup -->
        <test-method signature="existingAccount()[pri:3, instance:com.crm.qa.testcases.UserRegister@18078bef]" started-at="2023-03-18T11:56:37 IST" name="existingAccount" finished-at="2023-03-18T11:56:38 IST" duration-ms="1724" status="PASS">
          <reporter-output>
          </reporter-output>
        </test-method> <!-- existingAccount -->
        <test-method is-config="true" signature="teardown()[pri:0, instance:com.crm.qa.testcases.UserRegister@18078bef]" started-at="2023-03-18T11:56:38 IST" name="teardown" finished-at="2023-03-18T11:56:39 IST" duration-ms="314" status="PASS">
          <reporter-output>
          </reporter-output>
        </test-method> <!-- teardown -->
        <test-method is-config="true" signature="setup()[pri:0, instance:com.crm.qa.testcases.UserRegister@18078bef]" started-at="2023-03-18T11:56:39 IST" name="setup" finished-at="2023-03-18T11:56:44 IST" duration-ms="5786" status="PASS">
          <reporter-output>
          </reporter-output>
        </test-method> <!-- setup -->
        <test-method signature="passwordNotMatching()[pri:4, instance:com.crm.qa.testcases.UserRegister@18078bef]" started-at="2023-03-18T11:56:44 IST" name="passwordNotMatching" finished-at="2023-03-18T11:56:45 IST" duration-ms="884" status="PASS">
          <reporter-output>
          </reporter-output>
        </test-method> <!-- passwordNotMatching -->
        <test-method is-config="true" signature="teardown()[pri:0, instance:com.crm.qa.testcases.UserRegister@18078bef]" started-at="2023-03-18T11:56:45 IST" name="teardown" finished-at="2023-03-18T11:56:46 IST" duration-ms="308" status="PASS">
          <reporter-output>
          </reporter-output>
        </test-method> <!-- teardown -->
      </class> <!-- com.crm.qa.testcases.UserRegister -->
    </test> <!-- Default test -->
  </suite> <!-- Default suite -->
</testng-results>
